<?xml version="1.0" encoding="UTF-8"?>
<!-- Generated by org.testng.reporters.JUnitXMLReporter -->
<testsuite ignored="0" hostname="PSDLAP373" failures="0" tests="2" name="Surefire test" time="22.453" errors="0" timestamp="2025-02-13T16:12:26 IST">
  <testcase classname="MagicWorkShopJenkins.MagicWorkShopJenkins.AppTest" name="contactUsButton" time="0.15"/>
  <testcase classname="MagicWorkShopJenkins.MagicWorkShopJenkins.AppTest" name="contactUsFormSubmission" time="3.54"/>
</testsuite> <!-- Surefire test -->
