<?xml version="1.0" encoding="UTF-8"?>
<!-- Generated by org.testng.reporters.JUnitXMLReporter -->
<testsuite ignored="1" hostname="PSDLAP373" failures="0" tests="1" name="Default test" time="12.431" errors="0" timestamp="2025-02-13T13:33:56 IST">
  <testcase classname="MagicWorkShopJenkins.MagicWorkShopJenkins.AppTest" name="contactUsFormSubmission" time="0.581"/>
  <testcase classname="MagicWorkShopJenkins.MagicWorkShopJenkins.AppTest" name="contactUsButton" time="0.0">
    <ignored/>
  </testcase> <!-- contactUsButton -->
</testsuite> <!-- Default test -->
