<?xml version="1.0" encoding="UTF-8"?>
<!-- Generated by org.testng.reporters.JUnitXMLReporter -->
<testsuite ignored="0" hostname="PSDLAP373" failures="0" tests="5" name="Test" time="49.516" errors="0" timestamp="2025-02-20T13:23:05 IST">
  <testcase classname="MagicWorkShopJenkins.MagicWorkShopJenkins.AppTest" name="contactUsButton" time="0.123"/>
  <testcase classname="MagicWorkShopJenkins.MagicWorkShopJenkins.AppTest" name="contactUsFormSubmission" time="3.545"/>
  <testcase classname="MagicWorkShopJenkins.MagicWorkShopJenkins.AppTest" name="projectEnggButtonFunctionality" time="0.101"/>
  <testcase classname="MagicWorkShopJenkins.MagicWorkShopJenkins.AppTest" name="coInventionButtonFunctionality" time="0.1"/>
  <testcase classname="MagicWorkShopJenkins.MagicWorkShopJenkins.AppTest" name="incubationButtonFunctionality" time="0.095"/>
</testsuite> <!-- Test -->
