<?xml version="1.0" encoding="UTF-8"?>
<testsuite xmlns:xsi="http://www.w3.org/2001/XMLSchema-instance" xsi:noNamespaceSchemaLocation="https://maven.apache.org/surefire/maven-surefire-plugin/xsd/surefire-test-report-3.0.xsd" version="3.0" name="MagicWorkShopJenkins.MagicWorkShopJenkins.AppTest" time="23.159" tests="2" errors="0" skipped="0" failures="0">
  <properties>
[...]
</properties>
  <testcase name="contactUsButton" classname="MagicWorkShopJenkins.MagicWorkShopJenkins.AppTest" time="0.151">
    <system-err><![CDATA[Feb 13, 2025 4:12:06 PM org.openqa.selenium.devtools.CdpVersionFinder findNearestMatch
WARNING: Unable to find an exact match for CDP version 133, returning the closest version; found: 132; Please update to a Selenium version that supports CDP version 133
]]></system-err>
  </testcase>
  <testcase name="contactUsFormSubmission" classname="MagicWorkShopJenkins.MagicWorkShopJenkins.AppTest" time="3.54">
    <system-err><![CDATA[Feb 13, 2025 4:12:15 PM org.openqa.selenium.devtools.CdpVersionFinder findNearestMatch
WARNING: Unable to find an exact match for CDP version 133, returning the closest version; found: 132; Please update to a Selenium version that supports CDP version 133
]]></system-err>
  </testcase>
</testsuite>