<?xml version="1.0" encoding="UTF-8"?>
<testng-results ignored="0" total="2" passed="2" failed="0" skipped="0">
  <reporter-output>
  </reporter-output>
  <suite started-at="2025-02-13T16:12:04 IST" name="Surefire suite" finished-at="2025-02-13T16:12:26 IST" duration-ms="22453">
    <groups>
    </groups>
    <test started-at="2025-02-13T16:12:04 IST" name="Surefire test" finished-at="2025-02-13T16:12:26 IST" duration-ms="22453">
      <class name="MagicWorkShopJenkins.MagicWorkShopJenkins.AppTest">
        <test-method is-config="true" signature="setup()[pri:0, instance:MagicWorkShopJenkins.MagicWorkShopJenkins.AppTest@7c51f34b]" started-at="2025-02-13T16:12:04 IST" name="setup" finished-at="2025-02-13T16:12:09 IST" duration-ms="5239" status="PASS">
          <reporter-output>
          </reporter-output>
        </test-method> <!-- setup -->
        <test-method signature="contactUsButton()[pri:1, instance:MagicWorkShopJenkins.MagicWorkShopJenkins.AppTest@7c51f34b]" started-at="2025-02-13T16:12:09 IST" name="contactUsButton" finished-at="2025-02-13T16:12:09 IST" duration-ms="150" status="PASS">
          <reporter-output>
          </reporter-output>
        </test-method> <!-- contactUsButton -->
        <test-method is-config="true" signature="tearDown()[pri:0, instance:MagicWorkShopJenkins.MagicWorkShopJenkins.AppTest@7c51f34b]" started-at="2025-02-13T16:12:09 IST" name="tearDown" finished-at="2025-02-13T16:12:13 IST" duration-ms="3999" status="PASS">
          <reporter-output>
          </reporter-output>
        </test-method> <!-- tearDown -->
        <test-method is-config="true" signature="setup()[pri:0, instance:MagicWorkShopJenkins.MagicWorkShopJenkins.AppTest@7c51f34b]" started-at="2025-02-13T16:12:13 IST" name="setup" finished-at="2025-02-13T16:12:19 IST" duration-ms="5586" status="PASS">
          <reporter-output>
          </reporter-output>
        </test-method> <!-- setup -->
        <test-method signature="contactUsFormSubmission()[pri:2, instance:MagicWorkShopJenkins.MagicWorkShopJenkins.AppTest@7c51f34b]" started-at="2025-02-13T16:12:19 IST" name="contactUsFormSubmission" finished-at="2025-02-13T16:12:23 IST" duration-ms="3540" status="PASS">
          <reporter-output>
          </reporter-output>
        </test-method> <!-- contactUsFormSubmission -->
        <test-method is-config="true" signature="tearDown()[pri:0, instance:MagicWorkShopJenkins.MagicWorkShopJenkins.AppTest@7c51f34b]" started-at="2025-02-13T16:12:23 IST" name="tearDown" finished-at="2025-02-13T16:12:26 IST" duration-ms="3903" status="PASS">
          <reporter-output>
          </reporter-output>
        </test-method> <!-- tearDown -->
      </class> <!-- MagicWorkShopJenkins.MagicWorkShopJenkins.AppTest -->
    </test> <!-- Surefire test -->
  </suite> <!-- Surefire suite -->
</testng-results>
