<?xml version="1.0" encoding="UTF-8"?>
<testng-results ignored="0" total="1" passed="1" failed="0" skipped="0">
  <reporter-output>
  </reporter-output>
  <suite started-at="2025-02-13T14:01:21 IST" name="Default suite" finished-at="2025-02-13T14:01:32 IST" duration-ms="10563">
    <groups>
    </groups>
    <test started-at="2025-02-13T14:01:21 IST" name="Default test" finished-at="2025-02-13T14:01:32 IST" duration-ms="10563">
      <class name="MagicWorkShopJenkins.MagicWorkShopJenkins.AppTest">
        <test-method is-config="true" signature="setup()[pri:0, instance:MagicWorkShopJenkins.MagicWorkShopJenkins.AppTest@2e6a5539]" started-at="2025-02-13T14:01:21 IST" name="setup" finished-at="2025-02-13T14:01:27 IST" duration-ms="6191" status="PASS">
          <reporter-output>
          </reporter-output>
        </test-method> <!-- setup -->
        <test-method signature="contactUsButton()[pri:1, instance:MagicWorkShopJenkins.MagicWorkShopJenkins.AppTest@2e6a5539]" started-at="2025-02-13T14:01:27 IST" name="contactUsButton" finished-at="2025-02-13T14:01:28 IST" duration-ms="140" status="PASS">
          <reporter-output>
          </reporter-output>
        </test-method> <!-- contactUsButton -->
        <test-method is-config="true" signature="tearDown()[pri:0, instance:MagicWorkShopJenkins.MagicWorkShopJenkins.AppTest@2e6a5539]" started-at="2025-02-13T14:01:28 IST" name="tearDown" finished-at="2025-02-13T14:01:32 IST" duration-ms="4181" status="PASS">
          <reporter-output>
          </reporter-output>
        </test-method> <!-- tearDown -->
      </class> <!-- MagicWorkShopJenkins.MagicWorkShopJenkins.AppTest -->
    </test> <!-- Default test -->
  </suite> <!-- Default suite -->
</testng-results>
